{"level":30,"time":1641326518621,"pid":79079,"hostname":"MacBook-Air-Dmitrij.local","msg":"Server listening at http://127.0.0.1:4000"}
{"level":30,"time":1641326523528,"pid":79079,"hostname":"MacBook-Air-Dmitrij.local","reqId":"req-1","req":{"method":"GET","url":"/users","path":"/users","parameters":{},"query":{}},"msg":"incoming request"}
{"level":30,"time":1641326523530,"pid":79079,"hostname":"MacBook-Air-Dmitrij.local","reqId":"req-1","res":{"statusCode":200},"responseTime":2.25,"msg":"request completed"}
{"level":30,"time":1641326523534,"pid":79079,"hostname":"MacBook-Air-Dmitrij.local","reqId":"req-2","req":{"method":"POST","url":"/users","path":"/users","parameters":{},"query":{}},"msg":"incoming request"}
{"level":30,"time":1641326523535,"pid":79079,"hostname":"MacBook-Air-Dmitrij.local","reqId":"req-2","res":{"statusCode":201},"responseTime":1.5711250305175781,"msg":"request completed"}
{"level":30,"time":1641326523537,"pid":79079,"hostname":"MacBook-Air-Dmitrij.local","reqId":"req-3","req":{"method":"GET","url":"/users/49332889-713c-4ecc-b13f-6e302a7dcc10","path":"/users/:id","parameters":{"id":"49332889-713c-4ecc-b13f-6e302a7dcc10"},"query":{}},"msg":"incoming request"}
{"level":30,"time":1641326523537,"pid":79079,"hostname":"MacBook-Air-Dmitrij.local","reqId":"req-3","res":{"statusCode":200},"responseTime":0.2478330135345459,"msg":"request completed"}
{"level":30,"time":1641326523538,"pid":79079,"hostname":"MacBook-Air-Dmitrij.local","reqId":"req-4","req":{"method":"DELETE","url":"/users/49332889-713c-4ecc-b13f-6e302a7dcc10","path":"/users/:id","parameters":{"id":"49332889-713c-4ecc-b13f-6e302a7dcc10"},"query":{}},"msg":"incoming request"}
{"level":30,"time":1641326523538,"pid":79079,"hostname":"MacBook-Air-Dmitrij.local","reqId":"req-4","res":{"statusCode":200},"responseTime":0.13450002670288086,"msg":"request completed"}
{"level":30,"time":1641326523539,"pid":79079,"hostname":"MacBook-Air-Dmitrij.local","reqId":"req-5","req":{"method":"POST","url":"/users","path":"/users","parameters":{},"query":{}},"msg":"incoming request"}
{"level":30,"time":1641326523540,"pid":79079,"hostname":"MacBook-Air-Dmitrij.local","reqId":"req-5","res":{"statusCode":201},"responseTime":0.6367919445037842,"msg":"request completed"}
{"level":30,"time":1641326523542,"pid":79079,"hostname":"MacBook-Air-Dmitrij.local","reqId":"req-6","req":{"method":"DELETE","url":"/users/a96a2a89-649e-47ad-9a98-34000aa0b7b8","path":"/users/:id","parameters":{"id":"a96a2a89-649e-47ad-9a98-34000aa0b7b8"},"query":{}},"msg":"incoming request"}
{"level":30,"time":1641326523542,"pid":79079,"hostname":"MacBook-Air-Dmitrij.local","reqId":"req-6","res":{"statusCode":200},"responseTime":0.08820891380310059,"msg":"request completed"}
{"level":30,"time":1641326523544,"pid":79079,"hostname":"MacBook-Air-Dmitrij.local","reqId":"req-7","req":{"method":"POST","url":"/users","path":"/users","parameters":{},"query":{}},"msg":"incoming request"}
{"level":30,"time":1641326523544,"pid":79079,"hostname":"MacBook-Air-Dmitrij.local","reqId":"req-7","res":{"statusCode":201},"responseTime":0.2397921085357666,"msg":"request completed"}
{"level":30,"time":1641326523545,"pid":79079,"hostname":"MacBook-Air-Dmitrij.local","reqId":"req-8","req":{"method":"PUT","url":"/users/60faaf6f-d97c-4b84-a023-a061a70ddc07","path":"/users/:id","parameters":{"id":"60faaf6f-d97c-4b84-a023-a061a70ddc07"},"query":{}},"msg":"incoming request"}
{"level":30,"time":1641326523545,"pid":79079,"hostname":"MacBook-Air-Dmitrij.local","reqId":"req-8","res":{"statusCode":200},"responseTime":0.25704193115234375,"msg":"request completed"}
{"level":30,"time":1641326523547,"pid":79079,"hostname":"MacBook-Air-Dmitrij.local","reqId":"req-9","req":{"method":"GET","url":"/users/60faaf6f-d97c-4b84-a023-a061a70ddc07","path":"/users/:id","parameters":{"id":"60faaf6f-d97c-4b84-a023-a061a70ddc07"},"query":{}},"msg":"incoming request"}
{"level":30,"time":1641326523547,"pid":79079,"hostname":"MacBook-Air-Dmitrij.local","reqId":"req-9","res":{"statusCode":200},"responseTime":0.20337510108947754,"msg":"request completed"}
{"level":30,"time":1641326523548,"pid":79079,"hostname":"MacBook-Air-Dmitrij.local","reqId":"req-a","req":{"method":"DELETE","url":"/users/60faaf6f-d97c-4b84-a023-a061a70ddc07","path":"/users/:id","parameters":{"id":"60faaf6f-d97c-4b84-a023-a061a70ddc07"},"query":{}},"msg":"incoming request"}
{"level":30,"time":1641326523549,"pid":79079,"hostname":"MacBook-Air-Dmitrij.local","reqId":"req-a","res":{"statusCode":200},"responseTime":0.2565419673919678,"msg":"request completed"}
{"level":30,"time":1641326523550,"pid":79079,"hostname":"MacBook-Air-Dmitrij.local","reqId":"req-b","req":{"method":"POST","url":"/users","path":"/users","parameters":{},"query":{}},"msg":"incoming request"}
{"level":30,"time":1641326523550,"pid":79079,"hostname":"MacBook-Air-Dmitrij.local","reqId":"req-b","res":{"statusCode":201},"responseTime":0.1759169101715088,"msg":"request completed"}
{"level":30,"time":1641326523551,"pid":79079,"hostname":"MacBook-Air-Dmitrij.local","reqId":"req-c","req":{"method":"DELETE","url":"/users/a0351e4a-4075-42d2-9fb0-ba2be25d1697","path":"/users/:id","parameters":{"id":"a0351e4a-4075-42d2-9fb0-ba2be25d1697"},"query":{}},"msg":"incoming request"}
{"level":30,"time":1641326523551,"pid":79079,"hostname":"MacBook-Air-Dmitrij.local","reqId":"req-c","res":{"statusCode":200},"responseTime":0.14462494850158691,"msg":"request completed"}
{"level":30,"time":1641326523553,"pid":79079,"hostname":"MacBook-Air-Dmitrij.local","reqId":"req-d","req":{"method":"POST","url":"/users","path":"/users","parameters":{},"query":{}},"msg":"incoming request"}
{"level":30,"time":1641326523553,"pid":79079,"hostname":"MacBook-Air-Dmitrij.local","reqId":"req-d","res":{"statusCode":201},"responseTime":0.1907498836517334,"msg":"request completed"}
{"level":30,"time":1641326523554,"pid":79079,"hostname":"MacBook-Air-Dmitrij.local","reqId":"req-e","req":{"method":"POST","url":"/boards","path":"/boards","parameters":{},"query":{}},"msg":"incoming request"}
{"level":30,"time":1641326523554,"pid":79079,"hostname":"MacBook-Air-Dmitrij.local","reqId":"req-e","res":{"statusCode":201},"responseTime":0.5239582061767578,"msg":"request completed"}
{"level":30,"time":1641326523558,"pid":79079,"hostname":"MacBook-Air-Dmitrij.local","reqId":"req-f","req":{"method":"POST","url":"/boards/baa6b72e-58f3-416f-aeaf-310d090ba69c/tasks","path":"/boards/:id/tasks","parameters":{"id":"baa6b72e-58f3-416f-aeaf-310d090ba69c"},"query":{}},"msg":"incoming request"}
{"level":30,"time":1641326523559,"pid":79079,"hostname":"MacBook-Air-Dmitrij.local","reqId":"req-f","res":{"statusCode":201},"responseTime":0.9514169692993164,"msg":"request completed"}
{"level":30,"time":1641326523559,"pid":79079,"hostname":"MacBook-Air-Dmitrij.local","reqId":"req-g","req":{"method":"POST","url":"/boards/baa6b72e-58f3-416f-aeaf-310d090ba69c/tasks","path":"/boards/:id/tasks","parameters":{"id":"baa6b72e-58f3-416f-aeaf-310d090ba69c"},"query":{}},"msg":"incoming request"}
{"level":30,"time":1641326523559,"pid":79079,"hostname":"MacBook-Air-Dmitrij.local","reqId":"req-g","res":{"statusCode":201},"responseTime":0.25950002670288086,"msg":"request completed"}
{"level":30,"time":1641326523561,"pid":79079,"hostname":"MacBook-Air-Dmitrij.local","reqId":"req-h","req":{"method":"DELETE","url":"/users/a7b46246-4de1-4c3a-a588-02f5dd3b976a","path":"/users/:id","parameters":{"id":"a7b46246-4de1-4c3a-a588-02f5dd3b976a"},"query":{}},"msg":"incoming request"}
{"level":30,"time":1641326523561,"pid":79079,"hostname":"MacBook-Air-Dmitrij.local","reqId":"req-h","res":{"statusCode":200},"responseTime":0.22595882415771484,"msg":"request completed"}
{"level":30,"time":1641326523565,"pid":79079,"hostname":"MacBook-Air-Dmitrij.local","reqId":"req-i","req":{"method":"GET","url":"/boards/baa6b72e-58f3-416f-aeaf-310d090ba69c/tasks/82b8007f-f9fa-4c3f-a7c0-2f02097ec729","path":"/boards/:id/tasks/:id","parameters":{"id":"82b8007f-f9fa-4c3f-a7c0-2f02097ec729"},"query":{}},"msg":"incoming request"}
{"level":30,"time":1641326523566,"pid":79079,"hostname":"MacBook-Air-Dmitrij.local","reqId":"req-i","res":{"statusCode":200},"responseTime":0.39949989318847656,"msg":"request completed"}
{"level":30,"time":1641326523567,"pid":79079,"hostname":"MacBook-Air-Dmitrij.local","reqId":"req-j","req":{"method":"GET","url":"/boards/baa6b72e-58f3-416f-aeaf-310d090ba69c/tasks/4acb5940-554d-4440-95b8-fc6dcb39a4e9","path":"/boards/:id/tasks/:id","parameters":{"id":"4acb5940-554d-4440-95b8-fc6dcb39a4e9"},"query":{}},"msg":"incoming request"}
{"level":30,"time":1641326523567,"pid":79079,"hostname":"MacBook-Air-Dmitrij.local","reqId":"req-j","res":{"statusCode":200},"responseTime":0.21358394622802734,"msg":"request completed"}
{"level":30,"time":1641326523569,"pid":79079,"hostname":"MacBook-Air-Dmitrij.local","reqId":"req-k","req":{"method":"DELETE","url":"/boards/baa6b72e-58f3-416f-aeaf-310d090ba69c/tasks/82b8007f-f9fa-4c3f-a7c0-2f02097ec729","path":"/boards/:id/tasks/:id","parameters":{"id":"82b8007f-f9fa-4c3f-a7c0-2f02097ec729"},"query":{}},"msg":"incoming request"}
{"level":30,"time":1641326523569,"pid":79079,"hostname":"MacBook-Air-Dmitrij.local","reqId":"req-k","res":{"statusCode":200},"responseTime":0.13045811653137207,"msg":"request completed"}
{"level":30,"time":1641326523569,"pid":79079,"hostname":"MacBook-Air-Dmitrij.local","reqId":"req-l","req":{"method":"DELETE","url":"/boards/baa6b72e-58f3-416f-aeaf-310d090ba69c/tasks/4acb5940-554d-4440-95b8-fc6dcb39a4e9","path":"/boards/:id/tasks/:id","parameters":{"id":"4acb5940-554d-4440-95b8-fc6dcb39a4e9"},"query":{}},"msg":"incoming request"}
{"level":30,"time":1641326523569,"pid":79079,"hostname":"MacBook-Air-Dmitrij.local","reqId":"req-l","res":{"statusCode":200},"responseTime":0.14733290672302246,"msg":"request completed"}
{"level":30,"time":1641326523570,"pid":79079,"hostname":"MacBook-Air-Dmitrij.local","reqId":"req-m","req":{"method":"DELETE","url":"/boards/baa6b72e-58f3-416f-aeaf-310d090ba69c","path":"/boards/:id","parameters":{"id":"baa6b72e-58f3-416f-aeaf-310d090ba69c"},"query":{}},"msg":"incoming request"}
{"level":30,"time":1641326523570,"pid":79079,"hostname":"MacBook-Air-Dmitrij.local","reqId":"req-m","res":{"statusCode":200},"responseTime":0.12912511825561523,"msg":"request completed"}
{"level":30,"time":1641326523642,"pid":79079,"hostname":"MacBook-Air-Dmitrij.local","reqId":"req-n","req":{"method":"POST","url":"/boards","path":"/boards","parameters":{},"query":{}},"msg":"incoming request"}
{"level":30,"time":1641326523642,"pid":79079,"hostname":"MacBook-Air-Dmitrij.local","reqId":"req-n","res":{"statusCode":201},"responseTime":0.43383288383483887,"msg":"request completed"}
{"level":30,"time":1641326523652,"pid":79079,"hostname":"MacBook-Air-Dmitrij.local","reqId":"req-o","req":{"method":"GET","url":"/boards","path":"/boards","parameters":{},"query":{}},"msg":"incoming request"}
{"level":30,"time":1641326523652,"pid":79079,"hostname":"MacBook-Air-Dmitrij.local","reqId":"req-o","res":{"statusCode":200},"responseTime":0.23549985885620117,"msg":"request completed"}
{"level":30,"time":1641326523655,"pid":79079,"hostname":"MacBook-Air-Dmitrij.local","reqId":"req-p","req":{"method":"GET","url":"/boards","path":"/boards","parameters":{},"query":{}},"msg":"incoming request"}
{"level":30,"time":1641326523655,"pid":79079,"hostname":"MacBook-Air-Dmitrij.local","reqId":"req-p","res":{"statusCode":200},"responseTime":0.12975001335144043,"msg":"request completed"}
{"level":30,"time":1641326523656,"pid":79079,"hostname":"MacBook-Air-Dmitrij.local","reqId":"req-q","req":{"method":"GET","url":"/boards/b2d6ae96-deeb-41ba-a7a2-a4f6b31a2d54","path":"/boards/:id","parameters":{"id":"b2d6ae96-deeb-41ba-a7a2-a4f6b31a2d54"},"query":{}},"msg":"incoming request"}
{"level":30,"time":1641326523657,"pid":79079,"hostname":"MacBook-Air-Dmitrij.local","reqId":"req-q","res":{"statusCode":200},"responseTime":0.18679213523864746,"msg":"request completed"}
{"level":30,"time":1641326523659,"pid":79079,"hostname":"MacBook-Air-Dmitrij.local","reqId":"req-r","req":{"method":"POST","url":"/boards","path":"/boards","parameters":{},"query":{}},"msg":"incoming request"}
{"level":30,"time":1641326523659,"pid":79079,"hostname":"MacBook-Air-Dmitrij.local","reqId":"req-r","res":{"statusCode":201},"responseTime":0.42350006103515625,"msg":"request completed"}
{"level":30,"time":1641326523661,"pid":79079,"hostname":"MacBook-Air-Dmitrij.local","reqId":"req-s","req":{"method":"DELETE","url":"/boards/5f16243c-b02e-4bb6-9123-05d7917b8cd6","path":"/boards/:id","parameters":{"id":"5f16243c-b02e-4bb6-9123-05d7917b8cd6"},"query":{}},"msg":"incoming request"}
{"level":30,"time":1641326523661,"pid":79079,"hostname":"MacBook-Air-Dmitrij.local","reqId":"req-s","res":{"statusCode":200},"responseTime":0.12304115295410156,"msg":"request completed"}
{"level":30,"time":1641326523666,"pid":79079,"hostname":"MacBook-Air-Dmitrij.local","reqId":"req-t","req":{"method":"POST","url":"/boards","path":"/boards","parameters":{},"query":{}},"msg":"incoming request"}
{"level":30,"time":1641326523666,"pid":79079,"hostname":"MacBook-Air-Dmitrij.local","reqId":"req-t","res":{"statusCode":201},"responseTime":0.16070795059204102,"msg":"request completed"}
{"level":30,"time":1641326523667,"pid":79079,"hostname":"MacBook-Air-Dmitrij.local","reqId":"req-u","req":{"method":"PUT","url":"/boards/55bfddc7-ff6b-4727-8b3a-e20501f5c072","path":"/boards/:id","parameters":{"id":"55bfddc7-ff6b-4727-8b3a-e20501f5c072"},"query":{}},"msg":"incoming request"}
{"level":30,"time":1641326523668,"pid":79079,"hostname":"MacBook-Air-Dmitrij.local","reqId":"req-u","res":{"statusCode":200},"responseTime":0.24337506294250488,"msg":"request completed"}
{"level":30,"time":1641326523669,"pid":79079,"hostname":"MacBook-Air-Dmitrij.local","reqId":"req-v","req":{"method":"GET","url":"/boards/55bfddc7-ff6b-4727-8b3a-e20501f5c072","path":"/boards/:id","parameters":{"id":"55bfddc7-ff6b-4727-8b3a-e20501f5c072"},"query":{}},"msg":"incoming request"}
{"level":30,"time":1641326523669,"pid":79079,"hostname":"MacBook-Air-Dmitrij.local","reqId":"req-v","res":{"statusCode":200},"responseTime":0.07591700553894043,"msg":"request completed"}
{"level":30,"time":1641326523670,"pid":79079,"hostname":"MacBook-Air-Dmitrij.local","reqId":"req-w","req":{"method":"DELETE","url":"/boards/55bfddc7-ff6b-4727-8b3a-e20501f5c072","path":"/boards/:id","parameters":{"id":"55bfddc7-ff6b-4727-8b3a-e20501f5c072"},"query":{}},"msg":"incoming request"}
{"level":30,"time":1641326523670,"pid":79079,"hostname":"MacBook-Air-Dmitrij.local","reqId":"req-w","res":{"statusCode":200},"responseTime":0.05795788764953613,"msg":"request completed"}
{"level":30,"time":1641326523671,"pid":79079,"hostname":"MacBook-Air-Dmitrij.local","reqId":"req-x","req":{"method":"POST","url":"/boards","path":"/boards","parameters":{},"query":{}},"msg":"incoming request"}
{"level":30,"time":1641326523671,"pid":79079,"hostname":"MacBook-Air-Dmitrij.local","reqId":"req-x","res":{"statusCode":201},"responseTime":0.2325420379638672,"msg":"request completed"}
{"level":30,"time":1641326523672,"pid":79079,"hostname":"MacBook-Air-Dmitrij.local","reqId":"req-y","req":{"method":"DELETE","url":"/boards/bb9ae57f-bd09-4d5e-8a22-0147177a8de8","path":"/boards/:id","parameters":{"id":"bb9ae57f-bd09-4d5e-8a22-0147177a8de8"},"query":{}},"msg":"incoming request"}
{"level":30,"time":1641326523672,"pid":79079,"hostname":"MacBook-Air-Dmitrij.local","reqId":"req-y","res":{"statusCode":200},"responseTime":0.04633283615112305,"msg":"request completed"}
{"level":30,"time":1641326523673,"pid":79079,"hostname":"MacBook-Air-Dmitrij.local","reqId":"req-z","req":{"method":"GET","url":"/boards/bb9ae57f-bd09-4d5e-8a22-0147177a8de8","path":"/boards/:id","parameters":{"id":"bb9ae57f-bd09-4d5e-8a22-0147177a8de8"},"query":{}},"msg":"incoming request"}
{"level":30,"time":1641326523673,"pid":79079,"hostname":"MacBook-Air-Dmitrij.local","reqId":"req-z","res":{"statusCode":404},"err":{"type":"Error","message":"Board not found","stack":"Error: Board not found\n    at Object.getBoardHandler (/Users/dima/WebstormProjects/nodejs2021Q4-service-work/src/resources/boards/board.service.ts:19:28)\n    at processTicksAndRejections (node:internal/process/task_queues:96:5)"},"msg":"Board not found"}
{"level":30,"time":1641326523675,"pid":79079,"hostname":"MacBook-Air-Dmitrij.local","reqId":"req-z","res":{"statusCode":404},"responseTime":2.577000141143799,"msg":"request completed"}
{"level":30,"time":1641326523676,"pid":79079,"hostname":"MacBook-Air-Dmitrij.local","reqId":"req-10","req":{"method":"POST","url":"/boards","path":"/boards","parameters":{},"query":{}},"msg":"incoming request"}
{"level":30,"time":1641326523676,"pid":79079,"hostname":"MacBook-Air-Dmitrij.local","reqId":"req-10","res":{"statusCode":201},"responseTime":0.17658305168151855,"msg":"request completed"}
{"level":30,"time":1641326523679,"pid":79079,"hostname":"MacBook-Air-Dmitrij.local","reqId":"req-11","req":{"method":"POST","url":"/boards/4b408b5e-5ffc-4658-9790-2aacc5e8f09d/tasks","path":"/boards/:id/tasks","parameters":{"id":"4b408b5e-5ffc-4658-9790-2aacc5e8f09d"},"query":{}},"msg":"incoming request"}
{"level":30,"time":1641326523679,"pid":79079,"hostname":"MacBook-Air-Dmitrij.local","reqId":"req-11","res":{"statusCode":201},"responseTime":0.20099997520446777,"msg":"request completed"}
{"level":30,"time":1641326523679,"pid":79079,"hostname":"MacBook-Air-Dmitrij.local","reqId":"req-12","req":{"method":"POST","url":"/boards/4b408b5e-5ffc-4658-9790-2aacc5e8f09d/tasks","path":"/boards/:id/tasks","parameters":{"id":"4b408b5e-5ffc-4658-9790-2aacc5e8f09d"},"query":{}},"msg":"incoming request"}
{"level":30,"time":1641326523680,"pid":79079,"hostname":"MacBook-Air-Dmitrij.local","reqId":"req-12","res":{"statusCode":201},"responseTime":0.1664578914642334,"msg":"request completed"}
{"level":30,"time":1641326523680,"pid":79079,"hostname":"MacBook-Air-Dmitrij.local","reqId":"req-13","req":{"method":"POST","url":"/boards/4b408b5e-5ffc-4658-9790-2aacc5e8f09d/tasks","path":"/boards/:id/tasks","parameters":{"id":"4b408b5e-5ffc-4658-9790-2aacc5e8f09d"},"query":{}},"msg":"incoming request"}
{"level":30,"time":1641326523680,"pid":79079,"hostname":"MacBook-Air-Dmitrij.local","reqId":"req-13","res":{"statusCode":201},"responseTime":0.08224987983703613,"msg":"request completed"}
{"level":30,"time":1641326523680,"pid":79079,"hostname":"MacBook-Air-Dmitrij.local","reqId":"req-14","req":{"method":"POST","url":"/boards/4b408b5e-5ffc-4658-9790-2aacc5e8f09d/tasks","path":"/boards/:id/tasks","parameters":{"id":"4b408b5e-5ffc-4658-9790-2aacc5e8f09d"},"query":{}},"msg":"incoming request"}
{"level":30,"time":1641326523680,"pid":79079,"hostname":"MacBook-Air-Dmitrij.local","reqId":"req-14","res":{"statusCode":201},"responseTime":0.1407918930053711,"msg":"request completed"}
{"level":30,"time":1641326523680,"pid":79079,"hostname":"MacBook-Air-Dmitrij.local","reqId":"req-15","req":{"method":"POST","url":"/boards/4b408b5e-5ffc-4658-9790-2aacc5e8f09d/tasks","path":"/boards/:id/tasks","parameters":{"id":"4b408b5e-5ffc-4658-9790-2aacc5e8f09d"},"query":{}},"msg":"incoming request"}
{"level":30,"time":1641326523680,"pid":79079,"hostname":"MacBook-Air-Dmitrij.local","reqId":"req-15","res":{"statusCode":201},"responseTime":0.06845903396606445,"msg":"request completed"}
{"level":30,"time":1641326523682,"pid":79079,"hostname":"MacBook-Air-Dmitrij.local","reqId":"req-16","req":{"method":"GET","url":"/boards/4b408b5e-5ffc-4658-9790-2aacc5e8f09d/tasks/68c2adc7-5cb6-467e-b1db-a4e50b8817ab","path":"/boards/:id/tasks/:id","parameters":{"id":"68c2adc7-5cb6-467e-b1db-a4e50b8817ab"},"query":{}},"msg":"incoming request"}
{"level":30,"time":1641326523682,"pid":79079,"hostname":"MacBook-Air-Dmitrij.local","reqId":"req-16","res":{"statusCode":200},"responseTime":0.15412521362304688,"msg":"request completed"}
{"level":30,"time":1641326523683,"pid":79079,"hostname":"MacBook-Air-Dmitrij.local","reqId":"req-17","req":{"method":"GET","url":"/boards/4b408b5e-5ffc-4658-9790-2aacc5e8f09d/tasks/91bbc152-6294-4bd9-a1a1-b27724fa5eb6","path":"/boards/:id/tasks/:id","parameters":{"id":"91bbc152-6294-4bd9-a1a1-b27724fa5eb6"},"query":{}},"msg":"incoming request"}
{"level":30,"time":1641326523683,"pid":79079,"hostname":"MacBook-Air-Dmitrij.local","reqId":"req-17","res":{"statusCode":200},"responseTime":0.05995798110961914,"msg":"request completed"}
{"level":30,"time":1641326523683,"pid":79079,"hostname":"MacBook-Air-Dmitrij.local","reqId":"req-18","req":{"method":"GET","url":"/boards/4b408b5e-5ffc-4658-9790-2aacc5e8f09d/tasks/1b303b16-990b-4e94-93b8-157c265528c9","path":"/boards/:id/tasks/:id","parameters":{"id":"1b303b16-990b-4e94-93b8-157c265528c9"},"query":{}},"msg":"incoming request"}
{"level":30,"time":1641326523683,"pid":79079,"hostname":"MacBook-Air-Dmitrij.local","reqId":"req-18","res":{"statusCode":200},"responseTime":0.05045890808105469,"msg":"request completed"}
{"level":30,"time":1641326523683,"pid":79079,"hostname":"MacBook-Air-Dmitrij.local","reqId":"req-19","req":{"method":"GET","url":"/boards/4b408b5e-5ffc-4658-9790-2aacc5e8f09d/tasks/d4ffd27c-748d-4100-a57f-bf6a7f6365f1","path":"/boards/:id/tasks/:id","parameters":{"id":"d4ffd27c-748d-4100-a57f-bf6a7f6365f1"},"query":{}},"msg":"incoming request"}
{"level":30,"time":1641326523683,"pid":79079,"hostname":"MacBook-Air-Dmitrij.local","reqId":"req-19","res":{"statusCode":200},"responseTime":0.042291879653930664,"msg":"request completed"}
{"level":30,"time":1641326523683,"pid":79079,"hostname":"MacBook-Air-Dmitrij.local","reqId":"req-1a","req":{"method":"GET","url":"/boards/4b408b5e-5ffc-4658-9790-2aacc5e8f09d/tasks/4c0b93f3-7811-43c8-a1d3-88adffd3ff83","path":"/boards/:id/tasks/:id","parameters":{"id":"4c0b93f3-7811-43c8-a1d3-88adffd3ff83"},"query":{}},"msg":"incoming request"}
{"level":30,"time":1641326523683,"pid":79079,"hostname":"MacBook-Air-Dmitrij.local","reqId":"req-1a","res":{"statusCode":200},"responseTime":0.03854107856750488,"msg":"request completed"}
{"level":30,"time":1641326523684,"pid":79079,"hostname":"MacBook-Air-Dmitrij.local","reqId":"req-1b","req":{"method":"DELETE","url":"/boards/4b408b5e-5ffc-4658-9790-2aacc5e8f09d","path":"/boards/:id","parameters":{"id":"4b408b5e-5ffc-4658-9790-2aacc5e8f09d"},"query":{}},"msg":"incoming request"}
{"level":30,"time":1641326523684,"pid":79079,"hostname":"MacBook-Air-Dmitrij.local","reqId":"req-1b","res":{"statusCode":200},"responseTime":0.07779192924499512,"msg":"request completed"}
{"level":30,"time":1641326523685,"pid":79079,"hostname":"MacBook-Air-Dmitrij.local","reqId":"req-1c","req":{"method":"GET","url":"/boards/4b408b5e-5ffc-4658-9790-2aacc5e8f09d/tasks/68c2adc7-5cb6-467e-b1db-a4e50b8817ab","path":"/boards/:id/tasks/:id","parameters":{"id":"68c2adc7-5cb6-467e-b1db-a4e50b8817ab"},"query":{}},"msg":"incoming request"}
{"level":30,"time":1641326523685,"pid":79079,"hostname":"MacBook-Air-Dmitrij.local","reqId":"req-1c","res":{"statusCode":404},"err":{"type":"Error","message":"Task not found","stack":"Error: Task not found\n    at Object.getTaskHandler (/Users/dima/WebstormProjects/nodejs2021Q4-service-work/src/resources/tasks/task.service.ts:19:28)\n    at processTicksAndRejections (node:internal/process/task_queues:96:5)"},"msg":"Task not found"}
{"level":30,"time":1641326523686,"pid":79079,"hostname":"MacBook-Air-Dmitrij.local","reqId":"req-1c","res":{"statusCode":404},"responseTime":0.8074159622192383,"msg":"request completed"}
{"level":30,"time":1641326523686,"pid":79079,"hostname":"MacBook-Air-Dmitrij.local","reqId":"req-1d","req":{"method":"GET","url":"/boards/4b408b5e-5ffc-4658-9790-2aacc5e8f09d/tasks/91bbc152-6294-4bd9-a1a1-b27724fa5eb6","path":"/boards/:id/tasks/:id","parameters":{"id":"91bbc152-6294-4bd9-a1a1-b27724fa5eb6"},"query":{}},"msg":"incoming request"}
{"level":30,"time":1641326523686,"pid":79079,"hostname":"MacBook-Air-Dmitrij.local","reqId":"req-1d","res":{"statusCode":404},"err":{"type":"Error","message":"Task not found","stack":"Error: Task not found\n    at Object.getTaskHandler (/Users/dima/WebstormProjects/nodejs2021Q4-service-work/src/resources/tasks/task.service.ts:19:28)\n    at processTicksAndRejections (node:internal/process/task_queues:96:5)"},"msg":"Task not found"}
{"level":30,"time":1641326523686,"pid":79079,"hostname":"MacBook-Air-Dmitrij.local","reqId":"req-1d","res":{"statusCode":404},"responseTime":0.16916704177856445,"msg":"request completed"}
{"level":30,"time":1641326523686,"pid":79079,"hostname":"MacBook-Air-Dmitrij.local","reqId":"req-1e","req":{"method":"GET","url":"/boards/4b408b5e-5ffc-4658-9790-2aacc5e8f09d/tasks/1b303b16-990b-4e94-93b8-157c265528c9","path":"/boards/:id/tasks/:id","parameters":{"id":"1b303b16-990b-4e94-93b8-157c265528c9"},"query":{}},"msg":"incoming request"}
{"level":30,"time":1641326523686,"pid":79079,"hostname":"MacBook-Air-Dmitrij.local","reqId":"req-1e","res":{"statusCode":404},"err":{"type":"Error","message":"Task not found","stack":"Error: Task not found\n    at Object.getTaskHandler (/Users/dima/WebstormProjects/nodejs2021Q4-service-work/src/resources/tasks/task.service.ts:19:28)\n    at processTicksAndRejections (node:internal/process/task_queues:96:5)"},"msg":"Task not found"}
{"level":30,"time":1641326523686,"pid":79079,"hostname":"MacBook-Air-Dmitrij.local","reqId":"req-1e","res":{"statusCode":404},"responseTime":0.09800004959106445,"msg":"request completed"}
{"level":30,"time":1641326523686,"pid":79079,"hostname":"MacBook-Air-Dmitrij.local","reqId":"req-1f","req":{"method":"GET","url":"/boards/4b408b5e-5ffc-4658-9790-2aacc5e8f09d/tasks/d4ffd27c-748d-4100-a57f-bf6a7f6365f1","path":"/boards/:id/tasks/:id","parameters":{"id":"d4ffd27c-748d-4100-a57f-bf6a7f6365f1"},"query":{}},"msg":"incoming request"}
{"level":30,"time":1641326523686,"pid":79079,"hostname":"MacBook-Air-Dmitrij.local","reqId":"req-1f","res":{"statusCode":404},"err":{"type":"Error","message":"Task not found","stack":"Error: Task not found\n    at Object.getTaskHandler (/Users/dima/WebstormProjects/nodejs2021Q4-service-work/src/resources/tasks/task.service.ts:19:28)\n    at processTicksAndRejections (node:internal/process/task_queues:96:5)"},"msg":"Task not found"}
{"level":30,"time":1641326523686,"pid":79079,"hostname":"MacBook-Air-Dmitrij.local","reqId":"req-1f","res":{"statusCode":404},"responseTime":0.15204191207885742,"msg":"request completed"}
{"level":30,"time":1641326523686,"pid":79079,"hostname":"MacBook-Air-Dmitrij.local","reqId":"req-1g","req":{"method":"GET","url":"/boards/4b408b5e-5ffc-4658-9790-2aacc5e8f09d/tasks/4c0b93f3-7811-43c8-a1d3-88adffd3ff83","path":"/boards/:id/tasks/:id","parameters":{"id":"4c0b93f3-7811-43c8-a1d3-88adffd3ff83"},"query":{}},"msg":"incoming request"}
{"level":30,"time":1641326523686,"pid":79079,"hostname":"MacBook-Air-Dmitrij.local","reqId":"req-1g","res":{"statusCode":404},"err":{"type":"Error","message":"Task not found","stack":"Error: Task not found\n    at Object.getTaskHandler (/Users/dima/WebstormProjects/nodejs2021Q4-service-work/src/resources/tasks/task.service.ts:19:28)\n    at processTicksAndRejections (node:internal/process/task_queues:96:5)"},"msg":"Task not found"}
{"level":30,"time":1641326523686,"pid":79079,"hostname":"MacBook-Air-Dmitrij.local","reqId":"req-1g","res":{"statusCode":404},"responseTime":0.09150004386901855,"msg":"request completed"}
{"level":30,"time":1641326523687,"pid":79079,"hostname":"MacBook-Air-Dmitrij.local","reqId":"req-1h","req":{"method":"DELETE","url":"/boards/b2d6ae96-deeb-41ba-a7a2-a4f6b31a2d54","path":"/boards/:id","parameters":{"id":"b2d6ae96-deeb-41ba-a7a2-a4f6b31a2d54"},"query":{}},"msg":"incoming request"}
{"level":30,"time":1641326523687,"pid":79079,"hostname":"MacBook-Air-Dmitrij.local","reqId":"req-1h","res":{"statusCode":200},"responseTime":0.062417030334472656,"msg":"request completed"}
{"level":30,"time":1641326523756,"pid":79079,"hostname":"MacBook-Air-Dmitrij.local","reqId":"req-1i","req":{"method":"POST","url":"/boards","path":"/boards","parameters":{},"query":{}},"msg":"incoming request"}
{"level":30,"time":1641326523756,"pid":79079,"hostname":"MacBook-Air-Dmitrij.local","reqId":"req-1i","res":{"statusCode":201},"responseTime":0.4210829734802246,"msg":"request completed"}
{"level":30,"time":1641326523757,"pid":79079,"hostname":"MacBook-Air-Dmitrij.local","reqId":"req-1j","req":{"method":"POST","url":"/boards/5447984f-2de4-4c14-83e1-8e775ed001ac/tasks","path":"/boards/:id/tasks","parameters":{"id":"5447984f-2de4-4c14-83e1-8e775ed001ac"},"query":{}},"msg":"incoming request"}
{"level":30,"time":1641326523758,"pid":79079,"hostname":"MacBook-Air-Dmitrij.local","reqId":"req-1j","res":{"statusCode":201},"responseTime":0.10166716575622559,"msg":"request completed"}
{"level":30,"time":1641326523763,"pid":79079,"hostname":"MacBook-Air-Dmitrij.local","reqId":"req-1k","req":{"method":"GET","url":"/boards/5447984f-2de4-4c14-83e1-8e775ed001ac/tasks","path":"/boards/:id/tasks","parameters":{"id":"5447984f-2de4-4c14-83e1-8e775ed001ac"},"query":{}},"msg":"incoming request"}
{"level":30,"time":1641326523764,"pid":79079,"hostname":"MacBook-Air-Dmitrij.local","reqId":"req-1k","res":{"statusCode":200},"responseTime":0.2394578456878662,"msg":"request completed"}
{"level":30,"time":1641326523766,"pid":79079,"hostname":"MacBook-Air-Dmitrij.local","reqId":"req-1l","req":{"method":"GET","url":"/boards/5447984f-2de4-4c14-83e1-8e775ed001ac/tasks","path":"/boards/:id/tasks","parameters":{"id":"5447984f-2de4-4c14-83e1-8e775ed001ac"},"query":{}},"msg":"incoming request"}
{"level":30,"time":1641326523767,"pid":79079,"hostname":"MacBook-Air-Dmitrij.local","reqId":"req-1l","res":{"statusCode":200},"responseTime":0.14979195594787598,"msg":"request completed"}
{"level":30,"time":1641326523771,"pid":79079,"hostname":"MacBook-Air-Dmitrij.local","reqId":"req-1m","req":{"method":"GET","url":"/boards/5447984f-2de4-4c14-83e1-8e775ed001ac/tasks/2e1a4ddd-f669-4bad-a0c2-0f149200a106","path":"/boards/:id/tasks/:id","parameters":{"id":"2e1a4ddd-f669-4bad-a0c2-0f149200a106"},"query":{}},"msg":"incoming request"}
{"level":30,"time":1641326523771,"pid":79079,"hostname":"MacBook-Air-Dmitrij.local","reqId":"req-1m","res":{"statusCode":200},"responseTime":0.09183406829833984,"msg":"request completed"}
{"level":30,"time":1641326523774,"pid":79079,"hostname":"MacBook-Air-Dmitrij.local","reqId":"req-1n","req":{"method":"POST","url":"/boards/5447984f-2de4-4c14-83e1-8e775ed001ac/tasks","path":"/boards/:id/tasks","parameters":{"id":"5447984f-2de4-4c14-83e1-8e775ed001ac"},"query":{}},"msg":"incoming request"}
{"level":30,"time":1641326523774,"pid":79079,"hostname":"MacBook-Air-Dmitrij.local","reqId":"req-1n","res":{"statusCode":201},"responseTime":0.12120795249938965,"msg":"request completed"}
{"level":30,"time":1641326523775,"pid":79079,"hostname":"MacBook-Air-Dmitrij.local","reqId":"req-1o","req":{"method":"DELETE","url":"/boards/5447984f-2de4-4c14-83e1-8e775ed001ac/tasks/0b782f28-a44f-45c8-84cf-b5389be17827","path":"/boards/:id/tasks/:id","parameters":{"id":"0b782f28-a44f-45c8-84cf-b5389be17827"},"query":{}},"msg":"incoming request"}
{"level":30,"time":1641326523775,"pid":79079,"hostname":"MacBook-Air-Dmitrij.local","reqId":"req-1o","res":{"statusCode":200},"responseTime":0.05608415603637695,"msg":"request completed"}
{"level":30,"time":1641326523776,"pid":79079,"hostname":"MacBook-Air-Dmitrij.local","reqId":"req-1p","req":{"method":"POST","url":"/boards/5447984f-2de4-4c14-83e1-8e775ed001ac/tasks","path":"/boards/:id/tasks","parameters":{"id":"5447984f-2de4-4c14-83e1-8e775ed001ac"},"query":{}},"msg":"incoming request"}
{"level":30,"time":1641326523776,"pid":79079,"hostname":"MacBook-Air-Dmitrij.local","reqId":"req-1p","res":{"statusCode":201},"responseTime":0.14658403396606445,"msg":"request completed"}
{"level":30,"time":1641326523781,"pid":79079,"hostname":"MacBook-Air-Dmitrij.local","reqId":"req-1q","req":{"method":"PUT","url":"/boards/5447984f-2de4-4c14-83e1-8e775ed001ac/tasks/f2946935-7543-4866-99c1-74ab145d0970","path":"/boards/:id/tasks/:id","parameters":{"id":"f2946935-7543-4866-99c1-74ab145d0970"},"query":{}},"msg":"incoming request"}
{"level":30,"time":1641326523781,"pid":79079,"hostname":"MacBook-Air-Dmitrij.local","reqId":"req-1q","res":{"statusCode":200},"responseTime":0.22874999046325684,"msg":"request completed"}
{"level":30,"time":1641326523783,"pid":79079,"hostname":"MacBook-Air-Dmitrij.local","reqId":"req-1r","req":{"method":"GET","url":"/boards/5447984f-2de4-4c14-83e1-8e775ed001ac/tasks/f2946935-7543-4866-99c1-74ab145d0970","path":"/boards/:id/tasks/:id","parameters":{"id":"f2946935-7543-4866-99c1-74ab145d0970"},"query":{}},"msg":"incoming request"}
{"level":30,"time":1641326523783,"pid":79079,"hostname":"MacBook-Air-Dmitrij.local","reqId":"req-1r","res":{"statusCode":200},"responseTime":0.06737518310546875,"msg":"request completed"}
{"level":30,"time":1641326523784,"pid":79079,"hostname":"MacBook-Air-Dmitrij.local","reqId":"req-1s","req":{"method":"GET","url":"/boards/5447984f-2de4-4c14-83e1-8e775ed001ac/tasks/2e1a4ddd-f669-4bad-a0c2-0f149200a106","path":"/boards/:id/tasks/:id","parameters":{"id":"2e1a4ddd-f669-4bad-a0c2-0f149200a106"},"query":{}},"msg":"incoming request"}
{"level":30,"time":1641326523784,"pid":79079,"hostname":"MacBook-Air-Dmitrij.local","reqId":"req-1s","res":{"statusCode":200},"responseTime":0.09537506103515625,"msg":"request completed"}
{"level":30,"time":1641326523785,"pid":79079,"hostname":"MacBook-Air-Dmitrij.local","reqId":"req-1t","req":{"method":"DELETE","url":"/boards/5447984f-2de4-4c14-83e1-8e775ed001ac/tasks/2e1a4ddd-f669-4bad-a0c2-0f149200a106","path":"/boards/:id/tasks/:id","parameters":{"id":"2e1a4ddd-f669-4bad-a0c2-0f149200a106"},"query":{}},"msg":"incoming request"}
{"level":30,"time":1641326523785,"pid":79079,"hostname":"MacBook-Air-Dmitrij.local","reqId":"req-1t","res":{"statusCode":200},"responseTime":0.05545806884765625,"msg":"request completed"}
{"level":30,"time":1641326523786,"pid":79079,"hostname":"MacBook-Air-Dmitrij.local","reqId":"req-1u","req":{"method":"GET","url":"/boards/5447984f-2de4-4c14-83e1-8e775ed001ac/tasks/2e1a4ddd-f669-4bad-a0c2-0f149200a106","path":"/boards/:id/tasks/:id","parameters":{"id":"2e1a4ddd-f669-4bad-a0c2-0f149200a106"},"query":{}},"msg":"incoming request"}
{"level":30,"time":1641326523786,"pid":79079,"hostname":"MacBook-Air-Dmitrij.local","reqId":"req-1u","res":{"statusCode":404},"err":{"type":"Error","message":"Task not found","stack":"Error: Task not found\n    at Object.getTaskHandler (/Users/dima/WebstormProjects/nodejs2021Q4-service-work/src/resources/tasks/task.service.ts:19:28)\n    at processTicksAndRejections (node:internal/process/task_queues:96:5)"},"msg":"Task not found"}
{"level":30,"time":1641326523787,"pid":79079,"hostname":"MacBook-Air-Dmitrij.local","reqId":"req-1u","res":{"statusCode":404},"responseTime":0.24104094505310059,"msg":"request completed"}
{"level":30,"time":1641326523787,"pid":79079,"hostname":"MacBook-Air-Dmitrij.local","reqId":"req-1v","req":{"method":"DELETE","url":"/boards/5447984f-2de4-4c14-83e1-8e775ed001ac","path":"/boards/:id","parameters":{"id":"5447984f-2de4-4c14-83e1-8e775ed001ac"},"query":{}},"msg":"incoming request"}
{"level":30,"time":1641326523787,"pid":79079,"hostname":"MacBook-Air-Dmitrij.local","reqId":"req-1v","res":{"statusCode":200},"responseTime":0.07629203796386719,"msg":"request completed"}
{"level":30,"time":1641326564927,"pid":79130,"hostname":"MacBook-Air-Dmitrij.local","msg":"Server listening at http://127.0.0.1:4000"}
{"level":30,"time":1641326569070,"pid":79143,"hostname":"MacBook-Air-Dmitrij.local","msg":"Server listening at http://127.0.0.1:4000"}
{"level":30,"time":1641326572128,"pid":79143,"hostname":"MacBook-Air-Dmitrij.local","reqId":"req-1","req":{"method":"GET","url":"/users","path":"/users","parameters":{},"query":{}},"msg":"incoming request"}
{"level":30,"time":1641326572130,"pid":79143,"hostname":"MacBook-Air-Dmitrij.local","reqId":"req-1","res":{"statusCode":200},"responseTime":2.2384581565856934,"msg":"request completed"}
{"level":30,"time":1641326572134,"pid":79143,"hostname":"MacBook-Air-Dmitrij.local","reqId":"req-2","req":{"method":"POST","url":"/users","path":"/users","parameters":{},"query":{}},"msg":"incoming request"}
{"level":30,"time":1641326572136,"pid":79143,"hostname":"MacBook-Air-Dmitrij.local","reqId":"req-2","res":{"statusCode":201},"responseTime":1.296375036239624,"msg":"request completed"}
{"level":30,"time":1641326572137,"pid":79143,"hostname":"MacBook-Air-Dmitrij.local","reqId":"req-3","req":{"method":"GET","url":"/users/c0f9355e-4c5a-4e3f-befe-255086812da1","path":"/users/:id","parameters":{"id":"c0f9355e-4c5a-4e3f-befe-255086812da1"},"query":{}},"msg":"incoming request"}
{"level":30,"time":1641326572137,"pid":79143,"hostname":"MacBook-Air-Dmitrij.local","reqId":"req-3","res":{"statusCode":200},"responseTime":0.22945809364318848,"msg":"request completed"}
{"level":30,"time":1641326572138,"pid":79143,"hostname":"MacBook-Air-Dmitrij.local","reqId":"req-4","req":{"method":"DELETE","url":"/users/c0f9355e-4c5a-4e3f-befe-255086812da1","path":"/users/:id","parameters":{"id":"c0f9355e-4c5a-4e3f-befe-255086812da1"},"query":{}},"msg":"incoming request"}
{"level":30,"time":1641326572139,"pid":79143,"hostname":"MacBook-Air-Dmitrij.local","reqId":"req-4","res":{"statusCode":200},"responseTime":0.1675419807434082,"msg":"request completed"}
{"level":30,"time":1641326572140,"pid":79143,"hostname":"MacBook-Air-Dmitrij.local","reqId":"req-5","req":{"method":"POST","url":"/users","path":"/users","parameters":{},"query":{}},"msg":"incoming request"}
{"level":30,"time":1641326572141,"pid":79143,"hostname":"MacBook-Air-Dmitrij.local","reqId":"req-5","res":{"statusCode":201},"responseTime":0.5520839691162109,"msg":"request completed"}
{"level":30,"time":1641326572143,"pid":79143,"hostname":"MacBook-Air-Dmitrij.local","reqId":"req-6","req":{"method":"DELETE","url":"/users/6b3bd5ed-fd95-45cb-ad6e-b4de463cbf91","path":"/users/:id","parameters":{"id":"6b3bd5ed-fd95-45cb-ad6e-b4de463cbf91"},"query":{}},"msg":"incoming request"}
{"level":30,"time":1641326572143,"pid":79143,"hostname":"MacBook-Air-Dmitrij.local","reqId":"req-6","res":{"statusCode":200},"responseTime":0.09566712379455566,"msg":"request completed"}
{"level":30,"time":1641326572144,"pid":79143,"hostname":"MacBook-Air-Dmitrij.local","reqId":"req-7","req":{"method":"POST","url":"/users","path":"/users","parameters":{},"query":{}},"msg":"incoming request"}
{"level":30,"time":1641326572144,"pid":79143,"hostname":"MacBook-Air-Dmitrij.local","reqId":"req-7","res":{"statusCode":201},"responseTime":0.216292142868042,"msg":"request completed"}
{"level":30,"time":1641326572145,"pid":79143,"hostname":"MacBook-Air-Dmitrij.local","reqId":"req-8","req":{"method":"PUT","url":"/users/308f98ac-e626-46bf-9932-523c69c0df79","path":"/users/:id","parameters":{"id":"308f98ac-e626-46bf-9932-523c69c0df79"},"query":{}},"msg":"incoming request"}
{"level":30,"time":1641326572146,"pid":79143,"hostname":"MacBook-Air-Dmitrij.local","reqId":"req-8","res":{"statusCode":200},"responseTime":0.25441694259643555,"msg":"request completed"}
{"level":30,"time":1641326572147,"pid":79143,"hostname":"MacBook-Air-Dmitrij.local","reqId":"req-9","req":{"method":"GET","url":"/users/308f98ac-e626-46bf-9932-523c69c0df79","path":"/users/:id","parameters":{"id":"308f98ac-e626-46bf-9932-523c69c0df79"},"query":{}},"msg":"incoming request"}
{"level":30,"time":1641326572148,"pid":79143,"hostname":"MacBook-Air-Dmitrij.local","reqId":"req-9","res":{"statusCode":200},"responseTime":0.18129205703735352,"msg":"request completed"}
{"level":30,"time":1641326572149,"pid":79143,"hostname":"MacBook-Air-Dmitrij.local","reqId":"req-a","req":{"method":"DELETE","url":"/users/308f98ac-e626-46bf-9932-523c69c0df79","path":"/users/:id","parameters":{"id":"308f98ac-e626-46bf-9932-523c69c0df79"},"query":{}},"msg":"incoming request"}
{"level":30,"time":1641326572149,"pid":79143,"hostname":"MacBook-Air-Dmitrij.local","reqId":"req-a","res":{"statusCode":200},"responseTime":0.3110837936401367,"msg":"request completed"}
{"level":30,"time":1641326572151,"pid":79143,"hostname":"MacBook-Air-Dmitrij.local","reqId":"req-b","req":{"method":"POST","url":"/users","path":"/users","parameters":{},"query":{}},"msg":"incoming request"}
{"level":30,"time":1641326572151,"pid":79143,"hostname":"MacBook-Air-Dmitrij.local","reqId":"req-b","res":{"statusCode":201},"responseTime":0.20475006103515625,"msg":"request completed"}
{"level":30,"time":1641326572152,"pid":79143,"hostname":"MacBook-Air-Dmitrij.local","reqId":"req-c","req":{"method":"DELETE","url":"/users/6eded329-4963-4caa-bf54-4214e71599b5","path":"/users/:id","parameters":{"id":"6eded329-4963-4caa-bf54-4214e71599b5"},"query":{}},"msg":"incoming request"}
{"level":30,"time":1641326572152,"pid":79143,"hostname":"MacBook-Air-Dmitrij.local","reqId":"req-c","res":{"statusCode":200},"responseTime":0.14816713333129883,"msg":"request completed"}
{"level":30,"time":1641326572155,"pid":79143,"hostname":"MacBook-Air-Dmitrij.local","reqId":"req-d","req":{"method":"POST","url":"/users","path":"/users","parameters":{},"query":{}},"msg":"incoming request"}
{"level":30,"time":1641326572155,"pid":79143,"hostname":"MacBook-Air-Dmitrij.local","reqId":"req-d","res":{"statusCode":201},"responseTime":0.2371659278869629,"msg":"request completed"}
{"level":30,"time":1641326572156,"pid":79143,"hostname":"MacBook-Air-Dmitrij.local","reqId":"req-e","req":{"method":"POST","url":"/boards","path":"/boards","parameters":{},"query":{}},"msg":"incoming request"}
{"level":30,"time":1641326572157,"pid":79143,"hostname":"MacBook-Air-Dmitrij.local","reqId":"req-e","res":{"statusCode":201},"responseTime":0.5167911052703857,"msg":"request completed"}
{"level":30,"time":1641326572158,"pid":79143,"hostname":"MacBook-Air-Dmitrij.local","reqId":"req-f","req":{"method":"POST","url":"/boards/079335a5-c5a3-42bc-9e31-b7537a211729/tasks","path":"/boards/:id/tasks","parameters":{"id":"079335a5-c5a3-42bc-9e31-b7537a211729"},"query":{}},"msg":"incoming request"}
{"level":30,"time":1641326572158,"pid":79143,"hostname":"MacBook-Air-Dmitrij.local","reqId":"req-f","res":{"statusCode":201},"responseTime":0.7238328456878662,"msg":"request completed"}
{"level":30,"time":1641326572159,"pid":79143,"hostname":"MacBook-Air-Dmitrij.local","reqId":"req-g","req":{"method":"POST","url":"/boards/079335a5-c5a3-42bc-9e31-b7537a211729/tasks","path":"/boards/:id/tasks","parameters":{"id":"079335a5-c5a3-42bc-9e31-b7537a211729"},"query":{}},"msg":"incoming request"}
{"level":30,"time":1641326572159,"pid":79143,"hostname":"MacBook-Air-Dmitrij.local","reqId":"req-g","res":{"statusCode":201},"responseTime":0.2201251983642578,"msg":"request completed"}
{"level":30,"time":1641326572159,"pid":79143,"hostname":"MacBook-Air-Dmitrij.local","reqId":"req-h","req":{"method":"DELETE","url":"/users/7801ab68-00b9-4849-a2bb-58ccd82b74b8","path":"/users/:id","parameters":{"id":"7801ab68-00b9-4849-a2bb-58ccd82b74b8"},"query":{}},"msg":"incoming request"}
{"level":30,"time":1641326572160,"pid":79143,"hostname":"MacBook-Air-Dmitrij.local","reqId":"req-h","res":{"statusCode":200},"responseTime":0.17116618156433105,"msg":"request completed"}
{"level":30,"time":1641326572161,"pid":79143,"hostname":"MacBook-Air-Dmitrij.local","reqId":"req-i","req":{"method":"GET","url":"/boards/079335a5-c5a3-42bc-9e31-b7537a211729/tasks/bc0b29e1-2094-4d2d-b4aa-d69ca14ae3b6","path":"/boards/:id/tasks/:id","parameters":{"id":"bc0b29e1-2094-4d2d-b4aa-d69ca14ae3b6"},"query":{}},"msg":"incoming request"}
{"level":30,"time":1641326572161,"pid":79143,"hostname":"MacBook-Air-Dmitrij.local","reqId":"req-i","res":{"statusCode":200},"responseTime":0.34524989128112793,"msg":"request completed"}
{"level":30,"time":1641326572162,"pid":79143,"hostname":"MacBook-Air-Dmitrij.local","reqId":"req-j","req":{"method":"GET","url":"/boards/079335a5-c5a3-42bc-9e31-b7537a211729/tasks/d4ff579a-b9ed-44c1-8368-51de1a1c952d","path":"/boards/:id/tasks/:id","parameters":{"id":"d4ff579a-b9ed-44c1-8368-51de1a1c952d"},"query":{}},"msg":"incoming request"}
{"level":30,"time":1641326572163,"pid":79143,"hostname":"MacBook-Air-Dmitrij.local","reqId":"req-j","res":{"statusCode":200},"responseTime":0.13508391380310059,"msg":"request completed"}
{"level":30,"time":1641326572169,"pid":79143,"hostname":"MacBook-Air-Dmitrij.local","reqId":"req-k","req":{"method":"DELETE","url":"/boards/079335a5-c5a3-42bc-9e31-b7537a211729/tasks/bc0b29e1-2094-4d2d-b4aa-d69ca14ae3b6","path":"/boards/:id/tasks/:id","parameters":{"id":"bc0b29e1-2094-4d2d-b4aa-d69ca14ae3b6"},"query":{}},"msg":"incoming request"}
{"level":30,"time":1641326572169,"pid":79143,"hostname":"MacBook-Air-Dmitrij.local","reqId":"req-k","res":{"statusCode":200},"responseTime":0.15849995613098145,"msg":"request completed"}
{"level":30,"time":1641326572169,"pid":79143,"hostname":"MacBook-Air-Dmitrij.local","reqId":"req-l","req":{"method":"DELETE","url":"/boards/079335a5-c5a3-42bc-9e31-b7537a211729/tasks/d4ff579a-b9ed-44c1-8368-51de1a1c952d","path":"/boards/:id/tasks/:id","parameters":{"id":"d4ff579a-b9ed-44c1-8368-51de1a1c952d"},"query":{}},"msg":"incoming request"}
{"level":30,"time":1641326572169,"pid":79143,"hostname":"MacBook-Air-Dmitrij.local","reqId":"req-l","res":{"statusCode":200},"responseTime":0.16704201698303223,"msg":"request completed"}
{"level":30,"time":1641326572170,"pid":79143,"hostname":"MacBook-Air-Dmitrij.local","reqId":"req-m","req":{"method":"DELETE","url":"/boards/079335a5-c5a3-42bc-9e31-b7537a211729","path":"/boards/:id","parameters":{"id":"079335a5-c5a3-42bc-9e31-b7537a211729"},"query":{}},"msg":"incoming request"}
{"level":30,"time":1641326572170,"pid":79143,"hostname":"MacBook-Air-Dmitrij.local","reqId":"req-m","res":{"statusCode":200},"responseTime":0.1287078857421875,"msg":"request completed"}
{"level":30,"time":1641326572241,"pid":79143,"hostname":"MacBook-Air-Dmitrij.local","reqId":"req-n","req":{"method":"POST","url":"/boards","path":"/boards","parameters":{},"query":{}},"msg":"incoming request"}
{"level":30,"time":1641326572241,"pid":79143,"hostname":"MacBook-Air-Dmitrij.local","reqId":"req-n","res":{"statusCode":201},"responseTime":0.3957080841064453,"msg":"request completed"}
{"level":30,"time":1641326572252,"pid":79143,"hostname":"MacBook-Air-Dmitrij.local","reqId":"req-o","req":{"method":"GET","url":"/boards","path":"/boards","parameters":{},"query":{}},"msg":"incoming request"}
{"level":30,"time":1641326572252,"pid":79143,"hostname":"MacBook-Air-Dmitrij.local","reqId":"req-o","res":{"statusCode":200},"responseTime":0.2582077980041504,"msg":"request completed"}
{"level":30,"time":1641326572255,"pid":79143,"hostname":"MacBook-Air-Dmitrij.local","reqId":"req-p","req":{"method":"GET","url":"/boards","path":"/boards","parameters":{},"query":{}},"msg":"incoming request"}
{"level":30,"time":1641326572255,"pid":79143,"hostname":"MacBook-Air-Dmitrij.local","reqId":"req-p","res":{"statusCode":200},"responseTime":0.12062478065490723,"msg":"request completed"}
{"level":30,"time":1641326572256,"pid":79143,"hostname":"MacBook-Air-Dmitrij.local","reqId":"req-q","req":{"method":"GET","url":"/boards/2a39a30d-f46c-40a4-a001-d2f779f35b6d","path":"/boards/:id","parameters":{"id":"2a39a30d-f46c-40a4-a001-d2f779f35b6d"},"query":{}},"msg":"incoming request"}
{"level":30,"time":1641326572256,"pid":79143,"hostname":"MacBook-Air-Dmitrij.local","reqId":"req-q","res":{"statusCode":200},"responseTime":0.20570802688598633,"msg":"request completed"}
{"level":30,"time":1641326572257,"pid":79143,"hostname":"MacBook-Air-Dmitrij.local","reqId":"req-r","req":{"method":"POST","url":"/boards","path":"/boards","parameters":{},"query":{}},"msg":"incoming request"}
{"level":30,"time":1641326572258,"pid":79143,"hostname":"MacBook-Air-Dmitrij.local","reqId":"req-r","res":{"statusCode":201},"responseTime":0.25441694259643555,"msg":"request completed"}
{"level":30,"time":1641326572259,"pid":79143,"hostname":"MacBook-Air-Dmitrij.local","reqId":"req-s","req":{"method":"DELETE","url":"/boards/aef97994-9f32-483c-a35d-f15acf37d0c3","path":"/boards/:id","parameters":{"id":"aef97994-9f32-483c-a35d-f15acf37d0c3"},"query":{}},"msg":"incoming request"}
{"level":30,"time":1641326572259,"pid":79143,"hostname":"MacBook-Air-Dmitrij.local","reqId":"req-s","res":{"statusCode":200},"responseTime":0.1028749942779541,"msg":"request completed"}
{"level":30,"time":1641326572260,"pid":79143,"hostname":"MacBook-Air-Dmitrij.local","reqId":"req-t","req":{"method":"POST","url":"/boards","path":"/boards","parameters":{},"query":{}},"msg":"incoming request"}
{"level":30,"time":1641326572260,"pid":79143,"hostname":"MacBook-Air-Dmitrij.local","reqId":"req-t","res":{"statusCode":201},"responseTime":0.11179089546203613,"msg":"request completed"}
{"level":30,"time":1641326572261,"pid":79143,"hostname":"MacBook-Air-Dmitrij.local","reqId":"req-u","req":{"method":"PUT","url":"/boards/e563ab27-571e-44fa-a9ce-d6366a6d6583","path":"/boards/:id","parameters":{"id":"e563ab27-571e-44fa-a9ce-d6366a6d6583"},"query":{}},"msg":"incoming request"}
{"level":30,"time":1641326572261,"pid":79143,"hostname":"MacBook-Air-Dmitrij.local","reqId":"req-u","res":{"statusCode":200},"responseTime":0.20812511444091797,"msg":"request completed"}
{"level":30,"time":1641326572262,"pid":79143,"hostname":"MacBook-Air-Dmitrij.local","reqId":"req-v","req":{"method":"GET","url":"/boards/e563ab27-571e-44fa-a9ce-d6366a6d6583","path":"/boards/:id","parameters":{"id":"e563ab27-571e-44fa-a9ce-d6366a6d6583"},"query":{}},"msg":"incoming request"}
{"level":30,"time":1641326572262,"pid":79143,"hostname":"MacBook-Air-Dmitrij.local","reqId":"req-v","res":{"statusCode":200},"responseTime":0.1104578971862793,"msg":"request completed"}
{"level":30,"time":1641326572263,"pid":79143,"hostname":"MacBook-Air-Dmitrij.local","reqId":"req-w","req":{"method":"DELETE","url":"/boards/e563ab27-571e-44fa-a9ce-d6366a6d6583","path":"/boards/:id","parameters":{"id":"e563ab27-571e-44fa-a9ce-d6366a6d6583"},"query":{}},"msg":"incoming request"}
{"level":30,"time":1641326572264,"pid":79143,"hostname":"MacBook-Air-Dmitrij.local","reqId":"req-w","res":{"statusCode":200},"responseTime":0.05666708946228027,"msg":"request completed"}
{"level":30,"time":1641326572265,"pid":79143,"hostname":"MacBook-Air-Dmitrij.local","reqId":"req-x","req":{"method":"POST","url":"/boards","path":"/boards","parameters":{},"query":{}},"msg":"incoming request"}
{"level":30,"time":1641326572265,"pid":79143,"hostname":"MacBook-Air-Dmitrij.local","reqId":"req-x","res":{"statusCode":201},"responseTime":0.23362493515014648,"msg":"request completed"}
{"level":30,"time":1641326572266,"pid":79143,"hostname":"MacBook-Air-Dmitrij.local","reqId":"req-y","req":{"method":"DELETE","url":"/boards/9cdd3217-399c-4707-a126-9f49f5c23e70","path":"/boards/:id","parameters":{"id":"9cdd3217-399c-4707-a126-9f49f5c23e70"},"query":{}},"msg":"incoming request"}
{"level":30,"time":1641326572266,"pid":79143,"hostname":"MacBook-Air-Dmitrij.local","reqId":"req-y","res":{"statusCode":200},"responseTime":0.06345796585083008,"msg":"request completed"}
{"level":30,"time":1641326572267,"pid":79143,"hostname":"MacBook-Air-Dmitrij.local","reqId":"req-z","req":{"method":"GET","url":"/boards/9cdd3217-399c-4707-a126-9f49f5c23e70","path":"/boards/:id","parameters":{"id":"9cdd3217-399c-4707-a126-9f49f5c23e70"},"query":{}},"msg":"incoming request"}
{"level":30,"time":1641326572267,"pid":79143,"hostname":"MacBook-Air-Dmitrij.local","reqId":"req-z","res":{"statusCode":404},"err":{"type":"Error","message":"Board not found","stack":"Error: Board not found\n    at Object.getBoardHandler (/Users/dima/WebstormProjects/nodejs2021Q4-service-work/src/resources/boards/board.service.ts:19:28)\n    at processTicksAndRejections (node:internal/process/task_queues:96:5)"},"msg":"Board not found"}
{"level":30,"time":1641326572270,"pid":79143,"hostname":"MacBook-Air-Dmitrij.local","reqId":"req-z","res":{"statusCode":404},"responseTime":2.4305408000946045,"msg":"request completed"}
{"level":30,"time":1641326572271,"pid":79143,"hostname":"MacBook-Air-Dmitrij.local","reqId":"req-10","req":{"method":"POST","url":"/boards","path":"/boards","parameters":{},"query":{}},"msg":"incoming request"}
{"level":30,"time":1641326572271,"pid":79143,"hostname":"MacBook-Air-Dmitrij.local","reqId":"req-10","res":{"statusCode":201},"responseTime":0.16533303260803223,"msg":"request completed"}
{"level":30,"time":1641326572274,"pid":79143,"hostname":"MacBook-Air-Dmitrij.local","reqId":"req-11","req":{"method":"POST","url":"/boards/3292c2f6-1cca-445e-8a04-d4706ac8dbe7/tasks","path":"/boards/:id/tasks","parameters":{"id":"3292c2f6-1cca-445e-8a04-d4706ac8dbe7"},"query":{}},"msg":"incoming request"}
{"level":30,"time":1641326572274,"pid":79143,"hostname":"MacBook-Air-Dmitrij.local","reqId":"req-11","res":{"statusCode":201},"responseTime":0.16158390045166016,"msg":"request completed"}
{"level":30,"time":1641326572274,"pid":79143,"hostname":"MacBook-Air-Dmitrij.local","reqId":"req-12","req":{"method":"POST","url":"/boards/3292c2f6-1cca-445e-8a04-d4706ac8dbe7/tasks","path":"/boards/:id/tasks","parameters":{"id":"3292c2f6-1cca-445e-8a04-d4706ac8dbe7"},"query":{}},"msg":"incoming request"}
{"level":30,"time":1641326572274,"pid":79143,"hostname":"MacBook-Air-Dmitrij.local","reqId":"req-12","res":{"statusCode":201},"responseTime":0.17037510871887207,"msg":"request completed"}
{"level":30,"time":1641326572274,"pid":79143,"hostname":"MacBook-Air-Dmitrij.local","reqId":"req-13","req":{"method":"POST","url":"/boards/3292c2f6-1cca-445e-8a04-d4706ac8dbe7/tasks","path":"/boards/:id/tasks","parameters":{"id":"3292c2f6-1cca-445e-8a04-d4706ac8dbe7"},"query":{}},"msg":"incoming request"}
{"level":30,"time":1641326572274,"pid":79143,"hostname":"MacBook-Air-Dmitrij.local","reqId":"req-13","res":{"statusCode":201},"responseTime":0.08424997329711914,"msg":"request completed"}
{"level":30,"time":1641326572274,"pid":79143,"hostname":"MacBook-Air-Dmitrij.local","reqId":"req-14","req":{"method":"POST","url":"/boards/3292c2f6-1cca-445e-8a04-d4706ac8dbe7/tasks","path":"/boards/:id/tasks","parameters":{"id":"3292c2f6-1cca-445e-8a04-d4706ac8dbe7"},"query":{}},"msg":"incoming request"}
{"level":30,"time":1641326572274,"pid":79143,"hostname":"MacBook-Air-Dmitrij.local","reqId":"req-14","res":{"statusCode":201},"responseTime":0.14358282089233398,"msg":"request completed"}
{"level":30,"time":1641326572274,"pid":79143,"hostname":"MacBook-Air-Dmitrij.local","reqId":"req-15","req":{"method":"POST","url":"/boards/3292c2f6-1cca-445e-8a04-d4706ac8dbe7/tasks","path":"/boards/:id/tasks","parameters":{"id":"3292c2f6-1cca-445e-8a04-d4706ac8dbe7"},"query":{}},"msg":"incoming request"}
{"level":30,"time":1641326572274,"pid":79143,"hostname":"MacBook-Air-Dmitrij.local","reqId":"req-15","res":{"statusCode":201},"responseTime":0.06770801544189453,"msg":"request completed"}
{"level":30,"time":1641326572276,"pid":79143,"hostname":"MacBook-Air-Dmitrij.local","reqId":"req-16","req":{"method":"GET","url":"/boards/3292c2f6-1cca-445e-8a04-d4706ac8dbe7/tasks/d5bb3602-ab46-4828-b191-ee69bfc6743f","path":"/boards/:id/tasks/:id","parameters":{"id":"d5bb3602-ab46-4828-b191-ee69bfc6743f"},"query":{}},"msg":"incoming request"}
{"level":30,"time":1641326572276,"pid":79143,"hostname":"MacBook-Air-Dmitrij.local","reqId":"req-16","res":{"statusCode":200},"responseTime":0.12658286094665527,"msg":"request completed"}
{"level":30,"time":1641326572276,"pid":79143,"hostname":"MacBook-Air-Dmitrij.local","reqId":"req-17","req":{"method":"GET","url":"/boards/3292c2f6-1cca-445e-8a04-d4706ac8dbe7/tasks/74f08b1b-f687-4218-b1dc-06f32becfda4","path":"/boards/:id/tasks/:id","parameters":{"id":"74f08b1b-f687-4218-b1dc-06f32becfda4"},"query":{}},"msg":"incoming request"}
{"level":30,"time":1641326572276,"pid":79143,"hostname":"MacBook-Air-Dmitrij.local","reqId":"req-17","res":{"statusCode":200},"responseTime":0.04758405685424805,"msg":"request completed"}
{"level":30,"time":1641326572276,"pid":79143,"hostname":"MacBook-Air-Dmitrij.local","reqId":"req-18","req":{"method":"GET","url":"/boards/3292c2f6-1cca-445e-8a04-d4706ac8dbe7/tasks/60455747-4632-49cb-8a7e-e764e1818b72","path":"/boards/:id/tasks/:id","parameters":{"id":"60455747-4632-49cb-8a7e-e764e1818b72"},"query":{}},"msg":"incoming request"}
{"level":30,"time":1641326572276,"pid":79143,"hostname":"MacBook-Air-Dmitrij.local","reqId":"req-18","res":{"statusCode":200},"responseTime":0.04412484169006348,"msg":"request completed"}
{"level":30,"time":1641326572277,"pid":79143,"hostname":"MacBook-Air-Dmitrij.local","reqId":"req-19","req":{"method":"GET","url":"/boards/3292c2f6-1cca-445e-8a04-d4706ac8dbe7/tasks/2fd92817-cf56-43bc-b685-d1c2d6cedb76","path":"/boards/:id/tasks/:id","parameters":{"id":"2fd92817-cf56-43bc-b685-d1c2d6cedb76"},"query":{}},"msg":"incoming request"}
{"level":30,"time":1641326572277,"pid":79143,"hostname":"MacBook-Air-Dmitrij.local","reqId":"req-19","res":{"statusCode":200},"responseTime":0.042207956314086914,"msg":"request completed"}
{"level":30,"time":1641326572277,"pid":79143,"hostname":"MacBook-Air-Dmitrij.local","reqId":"req-1a","req":{"method":"GET","url":"/boards/3292c2f6-1cca-445e-8a04-d4706ac8dbe7/tasks/61db2444-f950-4582-848a-2f63004f24c4","path":"/boards/:id/tasks/:id","parameters":{"id":"61db2444-f950-4582-848a-2f63004f24c4"},"query":{}},"msg":"incoming request"}
{"level":30,"time":1641326572277,"pid":79143,"hostname":"MacBook-Air-Dmitrij.local","reqId":"req-1a","res":{"statusCode":200},"responseTime":0.038333892822265625,"msg":"request completed"}
{"level":30,"time":1641326572277,"pid":79143,"hostname":"MacBook-Air-Dmitrij.local","reqId":"req-1b","req":{"method":"DELETE","url":"/boards/3292c2f6-1cca-445e-8a04-d4706ac8dbe7","path":"/boards/:id","parameters":{"id":"3292c2f6-1cca-445e-8a04-d4706ac8dbe7"},"query":{}},"msg":"incoming request"}
{"level":30,"time":1641326572277,"pid":79143,"hostname":"MacBook-Air-Dmitrij.local","reqId":"req-1b","res":{"statusCode":200},"responseTime":0.06058311462402344,"msg":"request completed"}
{"level":30,"time":1641326572278,"pid":79143,"hostname":"MacBook-Air-Dmitrij.local","reqId":"req-1c","req":{"method":"GET","url":"/boards/3292c2f6-1cca-445e-8a04-d4706ac8dbe7/tasks/d5bb3602-ab46-4828-b191-ee69bfc6743f","path":"/boards/:id/tasks/:id","parameters":{"id":"d5bb3602-ab46-4828-b191-ee69bfc6743f"},"query":{}},"msg":"incoming request"}
{"level":30,"time":1641326572279,"pid":79143,"hostname":"MacBook-Air-Dmitrij.local","reqId":"req-1c","res":{"statusCode":404},"err":{"type":"Error","message":"Task not found","stack":"Error: Task not found\n    at Object.getTaskHandler (/Users/dima/WebstormProjects/nodejs2021Q4-service-work/src/resources/tasks/task.service.ts:19:28)\n    at processTicksAndRejections (node:internal/process/task_queues:96:5)"},"msg":"Task not found"}
{"level":30,"time":1641326572280,"pid":79143,"hostname":"MacBook-Air-Dmitrij.local","reqId":"req-1c","res":{"statusCode":404},"responseTime":1.1313331127166748,"msg":"request completed"}
{"level":30,"time":1641326572280,"pid":79143,"hostname":"MacBook-Air-Dmitrij.local","reqId":"req-1d","req":{"method":"GET","url":"/boards/3292c2f6-1cca-445e-8a04-d4706ac8dbe7/tasks/60455747-4632-49cb-8a7e-e764e1818b72","path":"/boards/:id/tasks/:id","parameters":{"id":"60455747-4632-49cb-8a7e-e764e1818b72"},"query":{}},"msg":"incoming request"}
{"level":30,"time":1641326572280,"pid":79143,"hostname":"MacBook-Air-Dmitrij.local","reqId":"req-1d","res":{"statusCode":404},"err":{"type":"Error","message":"Task not found","stack":"Error: Task not found\n    at Object.getTaskHandler (/Users/dima/WebstormProjects/nodejs2021Q4-service-work/src/resources/tasks/task.service.ts:19:28)\n    at processTicksAndRejections (node:internal/process/task_queues:96:5)"},"msg":"Task not found"}
{"level":30,"time":1641326572280,"pid":79143,"hostname":"MacBook-Air-Dmitrij.local","reqId":"req-1d","res":{"statusCode":404},"responseTime":0.20754098892211914,"msg":"request completed"}
{"level":30,"time":1641326572280,"pid":79143,"hostname":"MacBook-Air-Dmitrij.local","reqId":"req-1e","req":{"method":"GET","url":"/boards/3292c2f6-1cca-445e-8a04-d4706ac8dbe7/tasks/74f08b1b-f687-4218-b1dc-06f32becfda4","path":"/boards/:id/tasks/:id","parameters":{"id":"74f08b1b-f687-4218-b1dc-06f32becfda4"},"query":{}},"msg":"incoming request"}
{"level":30,"time":1641326572280,"pid":79143,"hostname":"MacBook-Air-Dmitrij.local","reqId":"req-1e","res":{"statusCode":404},"err":{"type":"Error","message":"Task not found","stack":"Error: Task not found\n    at Object.getTaskHandler (/Users/dima/WebstormProjects/nodejs2021Q4-service-work/src/resources/tasks/task.service.ts:19:28)\n    at processTicksAndRejections (node:internal/process/task_queues:96:5)"},"msg":"Task not found"}
{"level":30,"time":1641326572280,"pid":79143,"hostname":"MacBook-Air-Dmitrij.local","reqId":"req-1e","res":{"statusCode":404},"responseTime":0.10641694068908691,"msg":"request completed"}
{"level":30,"time":1641326572280,"pid":79143,"hostname":"MacBook-Air-Dmitrij.local","reqId":"req-1f","req":{"method":"GET","url":"/boards/3292c2f6-1cca-445e-8a04-d4706ac8dbe7/tasks/2fd92817-cf56-43bc-b685-d1c2d6cedb76","path":"/boards/:id/tasks/:id","parameters":{"id":"2fd92817-cf56-43bc-b685-d1c2d6cedb76"},"query":{}},"msg":"incoming request"}
{"level":30,"time":1641326572280,"pid":79143,"hostname":"MacBook-Air-Dmitrij.local","reqId":"req-1f","res":{"statusCode":404},"err":{"type":"Error","message":"Task not found","stack":"Error: Task not found\n    at Object.getTaskHandler (/Users/dima/WebstormProjects/nodejs2021Q4-service-work/src/resources/tasks/task.service.ts:19:28)\n    at processTicksAndRejections (node:internal/process/task_queues:96:5)"},"msg":"Task not found"}
{"level":30,"time":1641326572280,"pid":79143,"hostname":"MacBook-Air-Dmitrij.local","reqId":"req-1f","res":{"statusCode":404},"responseTime":0.1687920093536377,"msg":"request completed"}
{"level":30,"time":1641326572280,"pid":79143,"hostname":"MacBook-Air-Dmitrij.local","reqId":"req-1g","req":{"method":"GET","url":"/boards/3292c2f6-1cca-445e-8a04-d4706ac8dbe7/tasks/61db2444-f950-4582-848a-2f63004f24c4","path":"/boards/:id/tasks/:id","parameters":{"id":"61db2444-f950-4582-848a-2f63004f24c4"},"query":{}},"msg":"incoming request"}
{"level":30,"time":1641326572280,"pid":79143,"hostname":"MacBook-Air-Dmitrij.local","reqId":"req-1g","res":{"statusCode":404},"err":{"type":"Error","message":"Task not found","stack":"Error: Task not found\n    at Object.getTaskHandler (/Users/dima/WebstormProjects/nodejs2021Q4-service-work/src/resources/tasks/task.service.ts:19:28)\n    at processTicksAndRejections (node:internal/process/task_queues:96:5)"},"msg":"Task not found"}
{"level":30,"time":1641326572281,"pid":79143,"hostname":"MacBook-Air-Dmitrij.local","reqId":"req-1g","res":{"statusCode":404},"responseTime":0.09412503242492676,"msg":"request completed"}
{"level":30,"time":1641326572281,"pid":79143,"hostname":"MacBook-Air-Dmitrij.local","reqId":"req-1h","req":{"method":"DELETE","url":"/boards/2a39a30d-f46c-40a4-a001-d2f779f35b6d","path":"/boards/:id","parameters":{"id":"2a39a30d-f46c-40a4-a001-d2f779f35b6d"},"query":{}},"msg":"incoming request"}
{"level":30,"time":1641326572282,"pid":79143,"hostname":"MacBook-Air-Dmitrij.local","reqId":"req-1h","res":{"statusCode":200},"responseTime":0.05974984169006348,"msg":"request completed"}
{"level":30,"time":1641326572346,"pid":79143,"hostname":"MacBook-Air-Dmitrij.local","reqId":"req-1i","req":{"method":"POST","url":"/boards","path":"/boards","parameters":{},"query":{}},"msg":"incoming request"}
{"level":30,"time":1641326572346,"pid":79143,"hostname":"MacBook-Air-Dmitrij.local","reqId":"req-1i","res":{"statusCode":201},"responseTime":0.17579197883605957,"msg":"request completed"}
{"level":30,"time":1641326572347,"pid":79143,"hostname":"MacBook-Air-Dmitrij.local","reqId":"req-1j","req":{"method":"POST","url":"/boards/4e2fe2bc-e0a0-4bcb-99b9-2f33f385a9a7/tasks","path":"/boards/:id/tasks","parameters":{"id":"4e2fe2bc-e0a0-4bcb-99b9-2f33f385a9a7"},"query":{}},"msg":"incoming request"}
{"level":30,"time":1641326572347,"pid":79143,"hostname":"MacBook-Air-Dmitrij.local","reqId":"req-1j","res":{"statusCode":201},"responseTime":0.11425018310546875,"msg":"request completed"}
{"level":30,"time":1641326572354,"pid":79143,"hostname":"MacBook-Air-Dmitrij.local","reqId":"req-1k","req":{"method":"GET","url":"/boards/4e2fe2bc-e0a0-4bcb-99b9-2f33f385a9a7/tasks","path":"/boards/:id/tasks","parameters":{"id":"4e2fe2bc-e0a0-4bcb-99b9-2f33f385a9a7"},"query":{}},"msg":"incoming request"}
{"level":30,"time":1641326572354,"pid":79143,"hostname":"MacBook-Air-Dmitrij.local","reqId":"req-1k","res":{"statusCode":200},"responseTime":0.32433295249938965,"msg":"request completed"}
{"level":30,"time":1641326572361,"pid":79143,"hostname":"MacBook-Air-Dmitrij.local","reqId":"req-1l","req":{"method":"GET","url":"/boards/4e2fe2bc-e0a0-4bcb-99b9-2f33f385a9a7/tasks","path":"/boards/:id/tasks","parameters":{"id":"4e2fe2bc-e0a0-4bcb-99b9-2f33f385a9a7"},"query":{}},"msg":"incoming request"}
{"level":30,"time":1641326572361,"pid":79143,"hostname":"MacBook-Air-Dmitrij.local","reqId":"req-1l","res":{"statusCode":200},"responseTime":0.0960838794708252,"msg":"request completed"}
{"level":30,"time":1641326572363,"pid":79143,"hostname":"MacBook-Air-Dmitrij.local","reqId":"req-1m","req":{"method":"GET","url":"/boards/4e2fe2bc-e0a0-4bcb-99b9-2f33f385a9a7/tasks/ddc31f94-6b0c-45e2-9ad5-e8159c591d1e","path":"/boards/:id/tasks/:id","parameters":{"id":"ddc31f94-6b0c-45e2-9ad5-e8159c591d1e"},"query":{}},"msg":"incoming request"}
{"level":30,"time":1641326572363,"pid":79143,"hostname":"MacBook-Air-Dmitrij.local","reqId":"req-1m","res":{"statusCode":200},"responseTime":0.07320785522460938,"msg":"request completed"}
{"level":30,"time":1641326572366,"pid":79143,"hostname":"MacBook-Air-Dmitrij.local","reqId":"req-1n","req":{"method":"POST","url":"/boards/4e2fe2bc-e0a0-4bcb-99b9-2f33f385a9a7/tasks","path":"/boards/:id/tasks","parameters":{"id":"4e2fe2bc-e0a0-4bcb-99b9-2f33f385a9a7"},"query":{}},"msg":"incoming request"}
{"level":30,"time":1641326572366,"pid":79143,"hostname":"MacBook-Air-Dmitrij.local","reqId":"req-1n","res":{"statusCode":201},"responseTime":0.20316696166992188,"msg":"request completed"}
{"level":30,"time":1641326572367,"pid":79143,"hostname":"MacBook-Air-Dmitrij.local","reqId":"req-1o","req":{"method":"DELETE","url":"/boards/4e2fe2bc-e0a0-4bcb-99b9-2f33f385a9a7/tasks/5bf08c51-09fd-43ce-8537-7232b8166ea8","path":"/boards/:id/tasks/:id","parameters":{"id":"5bf08c51-09fd-43ce-8537-7232b8166ea8"},"query":{}},"msg":"incoming request"}
{"level":30,"time":1641326572367,"pid":79143,"hostname":"MacBook-Air-Dmitrij.local","reqId":"req-1o","res":{"statusCode":200},"responseTime":0.04995894432067871,"msg":"request completed"}
{"level":30,"time":1641326572369,"pid":79143,"hostname":"MacBook-Air-Dmitrij.local","reqId":"req-1p","req":{"method":"POST","url":"/boards/4e2fe2bc-e0a0-4bcb-99b9-2f33f385a9a7/tasks","path":"/boards/:id/tasks","parameters":{"id":"4e2fe2bc-e0a0-4bcb-99b9-2f33f385a9a7"},"query":{}},"msg":"incoming request"}
{"level":30,"time":1641326572369,"pid":79143,"hostname":"MacBook-Air-Dmitrij.local","reqId":"req-1p","res":{"statusCode":201},"responseTime":0.09208416938781738,"msg":"request completed"}
{"level":30,"time":1641326572370,"pid":79143,"hostname":"MacBook-Air-Dmitrij.local","reqId":"req-1q","req":{"method":"PUT","url":"/boards/4e2fe2bc-e0a0-4bcb-99b9-2f33f385a9a7/tasks/3d5b7d56-2f33-44d4-8df0-e381388c92ef","path":"/boards/:id/tasks/:id","parameters":{"id":"3d5b7d56-2f33-44d4-8df0-e381388c92ef"},"query":{}},"msg":"incoming request"}
{"level":30,"time":1641326572370,"pid":79143,"hostname":"MacBook-Air-Dmitrij.local","reqId":"req-1q","res":{"statusCode":200},"responseTime":0.13587498664855957,"msg":"request completed"}
{"level":30,"time":1641326572371,"pid":79143,"hostname":"MacBook-Air-Dmitrij.local","reqId":"req-1r","req":{"method":"GET","url":"/boards/4e2fe2bc-e0a0-4bcb-99b9-2f33f385a9a7/tasks/3d5b7d56-2f33-44d4-8df0-e381388c92ef","path":"/boards/:id/tasks/:id","parameters":{"id":"3d5b7d56-2f33-44d4-8df0-e381388c92ef"},"query":{}},"msg":"incoming request"}
{"level":30,"time":1641326572371,"pid":79143,"hostname":"MacBook-Air-Dmitrij.local","reqId":"req-1r","res":{"statusCode":200},"responseTime":0.055750131607055664,"msg":"request completed"}
{"level":30,"time":1641326572373,"pid":79143,"hostname":"MacBook-Air-Dmitrij.local","reqId":"req-1s","req":{"method":"GET","url":"/boards/4e2fe2bc-e0a0-4bcb-99b9-2f33f385a9a7/tasks/ddc31f94-6b0c-45e2-9ad5-e8159c591d1e","path":"/boards/:id/tasks/:id","parameters":{"id":"ddc31f94-6b0c-45e2-9ad5-e8159c591d1e"},"query":{}},"msg":"incoming request"}
{"level":30,"time":1641326572373,"pid":79143,"hostname":"MacBook-Air-Dmitrij.local","reqId":"req-1s","res":{"statusCode":200},"responseTime":0.13574981689453125,"msg":"request completed"}
{"level":30,"time":1641326572376,"pid":79143,"hostname":"MacBook-Air-Dmitrij.local","reqId":"req-1t","req":{"method":"DELETE","url":"/boards/4e2fe2bc-e0a0-4bcb-99b9-2f33f385a9a7/tasks/ddc31f94-6b0c-45e2-9ad5-e8159c591d1e","path":"/boards/:id/tasks/:id","parameters":{"id":"ddc31f94-6b0c-45e2-9ad5-e8159c591d1e"},"query":{}},"msg":"incoming request"}
{"level":30,"time":1641326572376,"pid":79143,"hostname":"MacBook-Air-Dmitrij.local","reqId":"req-1t","res":{"statusCode":200},"responseTime":0.05587506294250488,"msg":"request completed"}
{"level":30,"time":1641326572377,"pid":79143,"hostname":"MacBook-Air-Dmitrij.local","reqId":"req-1u","req":{"method":"GET","url":"/boards/4e2fe2bc-e0a0-4bcb-99b9-2f33f385a9a7/tasks/ddc31f94-6b0c-45e2-9ad5-e8159c591d1e","path":"/boards/:id/tasks/:id","parameters":{"id":"ddc31f94-6b0c-45e2-9ad5-e8159c591d1e"},"query":{}},"msg":"incoming request"}
{"level":30,"time":1641326572377,"pid":79143,"hostname":"MacBook-Air-Dmitrij.local","reqId":"req-1u","res":{"statusCode":404},"err":{"type":"Error","message":"Task not found","stack":"Error: Task not found\n    at Object.getTaskHandler (/Users/dima/WebstormProjects/nodejs2021Q4-service-work/src/resources/tasks/task.service.ts:19:28)\n    at processTicksAndRejections (node:internal/process/task_queues:96:5)"},"msg":"Task not found"}
{"level":30,"time":1641326572377,"pid":79143,"hostname":"MacBook-Air-Dmitrij.local","reqId":"req-1u","res":{"statusCode":404},"responseTime":0.3001670837402344,"msg":"request completed"}
{"level":30,"time":1641326572378,"pid":79143,"hostname":"MacBook-Air-Dmitrij.local","reqId":"req-1v","req":{"method":"DELETE","url":"/boards/4e2fe2bc-e0a0-4bcb-99b9-2f33f385a9a7","path":"/boards/:id","parameters":{"id":"4e2fe2bc-e0a0-4bcb-99b9-2f33f385a9a7"},"query":{}},"msg":"incoming request"}
{"level":30,"time":1641326572378,"pid":79143,"hostname":"MacBook-Air-Dmitrij.local","reqId":"req-1v","res":{"statusCode":200},"responseTime":0.06045794486999512,"msg":"request completed"}
[04.01.2022 23:03:45] [32mINFO[39m: [36mServer listening at http://127.0.0.1:4000[39m
